C51 COMPILER V9.59.0.0   WAVEFORM1                                                         10/22/2018 14:07:59 PAGE 1   


C51 COMPILER V9.59.0.0, COMPILATION OF MODULE WAVEFORM1
OBJECT MODULE PLACED IN .\Objects\Waveform1.obj
COMPILER INVOKED BY: C:\Keil_v5\C51\BIN\C51.EXE Waveform1.c OPTIMIZE(8,SPEED) BROWSE DEBUG OBJECTEXTEND PRINT(.\Listings
                    -\Waveform1.lst) TABS(2) OBJECT(.\Objects\Waveform1.obj)

line level    source

   1          #include "at89c5131.h"
   2          #include "stdio.h"
   3          sbit led = P2^0;
   4          void SPI_Init();
   5          void sdelay(int delay);
   6          void delay_ms(int delay);
   7          void timer_init();
   8          
   9          sbit C0 = P1^7; 
  10          char high=239,low=190;
  11          sbit CS_BAR = P3^4;
  12          sbit FS = P3^5; 
  13          bit transmit_completed= 0;
  14          bit complete = 0;
  15          bit part_1 = 1;
  16          bit part_2 = 0;
  17          bit part_3=0;
  18          unsigned char x=1;
  19          
  20          unsigned char count=0, it=0;
  21          char test [] = {0xEF,0xBE,  0xF1,0x8C,  0xF2,0xFE,  0xF3,0xCE,
  22                          0xF5,0x29,  0xF6,0x3F,  0xF7,0x50,  0xF7,0xDF,
  23                          0xF7,0xDF,  0xF7,0x50,  0xF6,0x3F,  0xF5,0x29,
  24                          0xF3,0xCE,  0xF2,0xFE,  0xF1,0x8C,  0xEF,0xBE 
  25                          
  26          };
  27          unsigned char serial_data;            // To check if spi data transmit is complete
  28          unsigned int triangle_value = 0;
  29          unsigned int triangle_value_buf = 0;
  30          unsigned int i=0;
  31          unsigned int j=1;
  32          unsigned int k=150;
  33          /*
  34          unsigned int sine_values[32] = {0x0800,
  35          0x098F,
  36          0x0B0F,
  37          0x0C71,
  38          0x0DA7,
  39          0x0EA6,
  40          0x0F63,
  41          0x0FD8,
  42          0x0FFF,
  43          0x0FD9,
  44          0x0F64,
  45          0x0EA8,
  46          0x0DA9,
  47          0x0C74,
  48          0x0B12,
  49          0x0992,
  50          0x0803,
  51          0x0673,
  52          0x04F3,
  53          0x0391,
  54          0x025A,
C51 COMPILER V9.59.0.0   WAVEFORM1                                                         10/22/2018 14:07:59 PAGE 2   

  55          0x015B,
  56          0x009D,
  57          0x0028,
  58          0x0000,
  59          0x0026,
  60          0x0099,
  61          0x0156,
  62          0x0253,
  63          0x0389,
  64          0x04EA,
  65          0x066A};*/
  66          void main(void)
  67          {
  68   1      SPI_Init();
  69   1      timer_init();
  70   1      while(1)
  71   1        {
  72   2          CS_BAR = 0;  
  73   2          FS = 1;  
  74   2          FS = 0;    
  75   2                                // falling edge of CS bar
  76   2          SPDAT= (triangle_value>>8)&(0xFF);  
  77   2                      // first 4 bits will be address of the channel
  78   2          while(!transmit_completed);               // wait for the transmit complete flag              // save the 
  79   2          transmit_completed = 0;                   // make the flag 0
  80   2                              // falling edge of CS bar
  81   2          SPDAT= triangle_value;
  82   2      
  83   2          while(!transmit_completed); 
  84   2          transmit_completed = 0; 
  85   2          CS_BAR = 1;
  86   2        //  i+=1;
  87   2        //  led=~led;
  88   2          /*if (i==32){
  89   2          i=0;
  90   2          }*/
  91   2          /*if(i==0){
  92   2          should_increase =1;
  93   2          }*/
  94   2        
  95   2          
  96   2          
  97   2        
  98   2          //sdelay(2);
  99   2        
 100   2      }
 101   1        }
 102          void timer_init()
 103          {
 104   1       TMOD=0x11;   
 105   1       TL1 =190;  
 106   1       TH1 =239;    
 107   1       TL0 =0xA2;     
 108   1       TH0 =0x3F;
 109   1        EA=1;
 110   1        ET0=1;
 111   1        ET1=1;
 112   1        TR0=1;
 113   1        //TR1=1;
 114   1        
 115   1      } 
 116          
C51 COMPILER V9.59.0.0   WAVEFORM1                                                         10/22/2018 14:07:59 PAGE 3   

 117          void SPI_Init()
 118          {
 119   1        
 120   1        CS_BAR = 1;                     // DISABLE ADC SLAVE SELECT-CS 
 121   1        FS = 1;
 122   1        SPCON |= 0x20;                  // P1.1(SSBAR) is available as standard I/O pin 
 123   1        SPCON |= 0x01;                  // Fclk Periph/4 AND Fclk Periph=12MHz ,HENCE SCK IE. BAUD RATE=3000KHz 
 124   1        SPCON |= 0x10;                  // Master mode 
 125   1        SPCON |=0x08;                 // CPOL=0; transmit mode example|| SCK is 0 at idle state
 126   1        SPCON &= ~0x04;                 // CPHA=0; transmit mode example 
 127   1        IEN1 |= 0x04;                   // enable spi interrupt 
 128   1        EA=1;                           // enable interrupts 
 129   1        SPCON |= 0x40;                  // run spi;ENABLE SPI INTERFACE SPEN= 1 
 130   1      //  IPH0 |=0x10;
 131   1      //  IPL0 |=0x10;
 132   1      }
 133          
 134          void it_SPI(void) interrupt 9 /* interrupt address is 0x004B, (Address -3)/8 = interrupt no.*/
 135          {
 136   1        switch  ( SPSTA )         /* read and clear spi status register */
 137   1        {
 138   2      
 139   2          case 0x80:  
 140   2             /* read receive data */
 141   2          transmit_completed=1;/* set software flag */
 142   2          serial_data=SPDAT;
 143   2          break;
 144   2      
 145   2          case 0x10:
 146   2            
 147   2          break;
 148   2        
 149   2          case 0x40:
 150   2          break;
 151   2        }
 152   1      }
 153          void delay_ms(int delay)
 154          {
 155   1        int d=0;
 156   1        while(delay>0)
 157   1        {
 158   2          for(d=0;d<382;d++);
 159   2          delay--;
 160   2        }
 161   1      }
 162          void sdelay(int delay)//1us delay
 163          {
 164   1        char d=0;
 165   1        while(delay>0)
 166   1        {
 167   2          for(d=0;d<5;d++);
 168   2          delay--;
 169   2        }
 170   1      }
 171          void TIMER1_ISR (void) interrupt 3
 172          {
 173   1      
 174   1        TR1=0;
 175   1        TL1 = low ;
 176   1        TH1 = high;
 177   1          complete  = ~ complete;
 178   1        if(complete){
C51 COMPILER V9.59.0.0   WAVEFORM1                                                         10/22/2018 14:07:59 PAGE 4   

 179   2        triangle_value = triangle_value_buf;}
 180   1        else{
 181   2        triangle_value =0;}
 182   1        TR1=1;
 183   1        
 184   1      }
 185          
 186          void TIMER0_ISR (void) interrupt 1
 187          
 188          {
 189   1        TR0=0;
 190   1        TL0 =0xA2;
 191   1        TH0 =0x3F;
 192   1        x--;
 193   1        if(x==0)
 194   1        {
 195   2            if(it==32)
 196   2          {
 197   3            TR0=0;
 198   3            TR1=0;
 199   3          }
 200   2          else
 201   2          {
 202   3          P3_7 = ~P3_7;
 203   3          high= test[it];
 204   3          low= test[it+1];
 205   3        it=it+2;
 206   3          x=250;
 207   3        TR1=1;
 208   3          }
 209   2        }
 210   1        
 211   1            if(i==49){
 212   2          part_1 = 0;
 213   2          part_2=1;
 214   2          i=0;}
 215   1          if(j==50){
 216   2          part_2 = 0;
 217   2          part_3 = 1;
 218   2          j=1;  
 219   2          }
 220   1          if(k==1){
 221   2          part_3=0;
 222   2          part_1 =1;
 223   2            k=150;
 224   2          }
 225   1          /*if(i==0){
 226   1          should_increase =1;
 227   1          }*/
 228   1          if(part_1){
 229   2          triangle_value_buf = triangle_value_buf +4095/50;
 230   2            i+=1;
 231   2          }
 232   1          else if(part_2){
 233   2            triangle_value_buf=4095;
 234   2            j+=1;
 235   2          }
 236   1          else if(part_3){
 237   2            triangle_value_buf = triangle_value_buf -4095/150;
 238   2            k-=1;
 239   2          }
 240   1        TR0=1;
C51 COMPILER V9.59.0.0   WAVEFORM1                                                         10/22/2018 14:07:59 PAGE 5   

 241   1      
 242   1        
 243   1      }


MODULE INFORMATION:   STATIC OVERLAYABLE
   CODE SIZE        =    404    ----
   CONSTANT SIZE    =   ----    ----
   XDATA SIZE       =   ----    ----
   PDATA SIZE       =   ----    ----
   DATA SIZE        =     48    ----
   IDATA SIZE       =   ----    ----
   BIT SIZE         =      5    ----
END OF MODULE INFORMATION.


C51 COMPILATION COMPLETE.  0 WARNING(S),  0 ERROR(S)
