C51 COMPILER V9.59.0.0   Q2                                                                10/27/2018 13:47:41 PAGE 1   


C51 COMPILER V9.59.0.0, COMPILATION OF MODULE Q2
OBJECT MODULE PLACED IN .\Objects\q2.obj
COMPILER INVOKED BY: C:\Keil_v5\C51\BIN\C51.EXE q2.c OPTIMIZE(8,SPEED) BROWSE DEBUG OBJECTEXTEND PRINT(.\Listings\q2.lst
                    -) TABS(2) OBJECT(.\Objects\q2.obj)

line level    source

   1          #include "at89c5131.h"
   2          #include "stdio.h"
   3          sbit toggle = P3^7;
   4          void Timer_init0();
   5          void Timer_init1();
   6          void init_serial();
   7          sbit Parity = PSW^0;
   8          sbit tb8 = SCON^3;
   9          bit transmit_completed= 0;
  10          float p,x,y,q,i;
  11          float val;
  12          unsigned char valstring[7];
  13          void transmit_value(float val);
  14          void main(){
  15   1        p=0;
  16   1        x=0;
  17   1        y=0;
  18   1        q=2.5;
  19   1      Timer_init0();
  20   1      Timer_init1();
  21   1      init_serial();
  22   1      while(1){
  23   2      //transmit_value(val);
  24   2      }
  25   1      }
  26          
  27          
  28          void timer0_isr(void) interrupt 1{
  29   1        toggle =~toggle;
  30   1      TH0 = 0xCF;
  31   1      TL0 = 0x2B; 
  32   1      x = ((0.98078)*p)+((0.19509)*q);
  33   1      y = ((0.98078)*q)-((0.19509)*p);  
  34   1      p=x;
  35   1      q=y;
  36   1      i=p+2.5;
  37   1      val=i;
  38   1      }
  39          
  40          void Timer_init0()  
  41          {
  42   1      TMOD |= 0X01;
  43   1      TH0 = 0xCF;
  44   1      TL0 = 0x2B;
  45   1      TR0= 1;
  46   1      ET0 =1;
  47   1      }
  48          void ISR_Serial(void) interrupt 4
  49          {
  50   1      TI = 0;
  51   1      transmit_completed =1;
  52   1      }
  53          void Timer_init1()  
  54          {
C51 COMPILER V9.59.0.0   Q2                                                                10/27/2018 13:47:41 PAGE 2   

  55   1      TMOD |= 0X20;
  56   1      TH1 = 0xCC;
  57   1      TR1 = 0;
  58   1      }
  59          void init_serial()
  60          {
  61   1      //Initialize serial communication and interrupts
  62   1      SCON |= 0XC0;
  63   1      ES = 1;
  64   1      EA = 1;
  65   1      }
  66          /*void transmit_value(float val){
  67            int i = 0;
  68           sprintf(valstring, " %1.3f\n",val);
  69            for(i=0;i<7;i++){
  70            ACC = valstring[i];
  71            ACC+=0;
  72            tb8 = Parity;
  73            SBUF = ACC;
  74            while(!transmit_completed);
  75            transmit_completed = 0;
  76            }
  77          return;
  78          }*/


MODULE INFORMATION:   STATIC OVERLAYABLE
   CODE SIZE        =    330    ----
   CONSTANT SIZE    =   ----    ----
   XDATA SIZE       =   ----    ----
   PDATA SIZE       =   ----    ----
   DATA SIZE        =     31    ----
   IDATA SIZE       =   ----    ----
   BIT SIZE         =      1    ----
END OF MODULE INFORMATION.


C51 COMPILATION COMPLETE.  0 WARNING(S),  0 ERROR(S)
