C51 COMPILER V9.59.0.0   HW1                                                               10/08/2018 13:52:53 PAGE 1   


C51 COMPILER V9.59.0.0, COMPILATION OF MODULE HW1
OBJECT MODULE PLACED IN .\Objects\HW1.obj
COMPILER INVOKED BY: C:\Keil_v5\C51\BIN\C51.EXE HW1.c OPTIMIZE(8,SPEED) BROWSE DEBUG OBJECTEXTEND PRINT(.\Listings\HW1.l
                    -st) TABS(2) OBJECT(.\Objects\HW1.obj)

line level    source

   1          #include "at89c5131.h"
   2          #include "stdio.h"
   3          
   4          void Timer_Init() ;
   5          void init_serial();
   6          void sdelay(int delay);
   7          void delay_ms(int delay);
   8          sbit LED = P1^7;
   9          sbit LED1 = P1^6;
  10          sbit Parity = PSW^0;
  11          sbit tb8 = SCON^3;
  12          
  13          
  14          void main()
  15          {
  16   1      Timer_init();
*** WARNING C206 IN LINE 16 OF HW1.c: 'Timer_init': missing function-prototype
  17   1      init_serial();
  18   1      LED = 1;  
  19   1      SBUF = 0x41;
  20   1      while(1);
  21   1      }
  22          void ISR_Serial(void) interrupt 4
  23          {
  24   1      LED=~LED;
  25   1      //LED1=~LED1;
  26   1      //delay_ms(1000); 
  27   1      TI = 0;
  28   1      ACC = 0x41;
  29   1      ACC +=0;  
  30   1      tb8 = Parity;
  31   1      SBUF = ACC; 
  32   1      }
  33          void Timer_Init() 
  34          {
  35   1      TMOD = 0X20;
  36   1      TH1 = 0xFD;
  37   1      TH1 = 0xCC;
  38   1      TR1 = 1;
  39   1      TMOD |= 0X20;
  40   1      }
  41          
  42          void init_serial()
  43          {
  44   1      //Initialize serial communication and interrupts
  45   1      SCON |= 0XC0;
  46   1      ES = 1;
  47   1      EA = 1;
  48   1      }
  49          void sdelay(int delay)
  50          {
  51   1        char d=0;
  52   1        while(delay>0)
  53   1        {
C51 COMPILER V9.59.0.0   HW1                                                               10/08/2018 13:52:53 PAGE 2   

  54   2          for(d=0;d<5;d++);
  55   2          delay--;
  56   2        }
  57   1      }
  58          void delay_ms(int delay)
  59          {
  60   1        int d=0;
  61   1        while(delay>0)
  62   1        {
  63   2          for(d=0;d<382;d++);
  64   2          delay--;
  65   2        }
  66   1      }


MODULE INFORMATION:   STATIC OVERLAYABLE
   CODE SIZE        =    131    ----
   CONSTANT SIZE    =   ----    ----
   XDATA SIZE       =   ----    ----
   PDATA SIZE       =   ----    ----
   DATA SIZE        =   ----    ----
   IDATA SIZE       =   ----    ----
   BIT SIZE         =   ----    ----
END OF MODULE INFORMATION.


C51 COMPILATION COMPLETE.  1 WARNING(S),  0 ERROR(S)
