C51 COMPILER V9.59.0.0   NOTES                                                             10/15/2018 17:18:53 PAGE 1   


C51 COMPILER V9.59.0.0, COMPILATION OF MODULE NOTES
OBJECT MODULE PLACED IN .\Objects\notes.obj
COMPILER INVOKED BY: C:\Keil_v5\C51\BIN\C51.EXE notes.c OPTIMIZE(8,SPEED) BROWSE DEBUG OBJECTEXTEND PRINT(.\Listings\not
                    -es.lst) TABS(2) OBJECT(.\Objects\notes.obj)

line level    source

   1          //Generate waveform at P3_6
   2          
   3          #include "at89c5131.h"
   4          sbit op = P3^6;
   5          
   6          void timer_init();
   7          
   8          sbit C0 = P1^7; 
   9          char high=239,low=190;
  10                            
  11          
  12          
  13          
  14          
  15          unsigned char x=1;
  16          
  17          unsigned char count=0, i=0;
  18          char test [] = {0xEF,0xBE,  0xF1,0x8C,  0xF2,0xFE,  0xF3,0xCE,
  19                          0xF5,0x29,  0xF6,0x3F,  0xF7,0x50,  0xF7,0xDF,
  20                          0xF7,0xDF,  0xF7,0x50,  0xF6,0x3F,  0xF5,0x29,
  21                          0xF3,0xCE,  0xF2,0xFE,  0xF1,0x8C,  0xEF,0xBE 
  22                          
  23          };
  24          
  25                          
  26                            
  27           
  28          void main(void)
  29          {
  30   1        
  31   1      timer_init();
  32   1        while(1)                        // endless 
  33   1        {
  34   2          
  35   2        }
  36   1        
  37   1      }
  38          
  39          
  40          void timer_init()
  41          {
  42   1       TMOD=0x11;   
  43   1       TL1 =190;  
  44   1       TH1 =239;    
  45   1       TL0 =0x61;     
  46   1       TH0 =0x3C;
  47   1        EA=1;
  48   1        ET0=1;
  49   1        ET1=1;
  50   1        TR0=1;
  51   1        //TR1=1;
  52   1        
  53   1      } 
  54          
C51 COMPILER V9.59.0.0   NOTES                                                             10/15/2018 17:18:53 PAGE 2   

  55          
  56          void TIMER1_ISR (void) interrupt 3
  57          {
  58   1      
  59   1        TR1=0;
  60   1        TL1 = low ;
  61   1        TH1 = high;
  62   1          op=~op;
  63   1        TR1=1;
  64   1        
  65   1      }
  66          
  67          void TIMER0_ISR (void) interrupt 1
  68          
  69          {
  70   1        TR0=0;
  71   1        TL0 =0x61;
  72   1        TH0 =0x3C;
  73   1        x--;
  74   1        if(x==0)
  75   1        {
  76   2            if(i==32)
  77   2          {
  78   3            TR0=0;
  79   3            TR1=0;
  80   3          }
  81   2          else
  82   2          {
  83   3          P3_7 = ~P3_7;
  84   3          high= test[i];
  85   3          low= test[i+1];
  86   3        i=i+2;
  87   3          x=40;
  88   3        TR1=1;
  89   3          }
  90   2        }
  91   1        
  92   1        TR0=1;
  93   1      
  94   1        
  95   1      }


MODULE INFORMATION:   STATIC OVERLAYABLE
   CODE SIZE        =    113    ----
   CONSTANT SIZE    =   ----    ----
   XDATA SIZE       =   ----    ----
   PDATA SIZE       =   ----    ----
   DATA SIZE        =     37    ----
   IDATA SIZE       =   ----    ----
   BIT SIZE         =   ----    ----
END OF MODULE INFORMATION.


C51 COMPILATION COMPLETE.  0 WARNING(S),  0 ERROR(S)
