C51 COMPILER V9.59.0.0   Q1A                                                               10/27/2018 13:23:13 PAGE 1   


C51 COMPILER V9.59.0.0, COMPILATION OF MODULE Q1A
OBJECT MODULE PLACED IN .\Objects\Q1a.obj
COMPILER INVOKED BY: C:\Keil_v5\C51\BIN\C51.EXE Q1a.c OPTIMIZE(8,SPEED) BROWSE DEBUG OBJECTEXTEND PRINT(.\Listings\Q1a.l
                    -st) TABS(2) OBJECT(.\Objects\Q1a.obj)

line level    source

   1          #include "at89c5131.h"
   2          #include "stdio.h"
   3          
   4          void Timer_Init() ;
   5          void init_serial();
   6          void sdelay(int delay);
   7          void delay_ms(int delay);
   8          void transmit_value(float val);
   9          void transmit_value1(float val);
  10          void transmit_value2(float val);
  11          void transmit_value3(float val);
  12          void transmit_value4(float val);
  13          sbit LED = P1^7;
  14          sbit LED1 = P1^6;
  15          sbit Parity = PSW^0;
  16          sbit tb8 = SCON^3;
  17          bit transmit_completed= 0;
  18          float values[5] = {1.555,3.110,4.665,6.220,7.775};
  19          unsigned char valstring[7] ;
  20          unsigned char valstring1[7] ;
  21          float val;
  22          
  23          
  24          void main()
  25          {
  26   1      
  27   1      Timer_init();
*** WARNING C206 IN LINE 27 OF Q1a.c: 'Timer_init': missing function-prototype
  28   1      init_serial();
  29   1      LED = 1;  
  30   1      while(1){
  31   2      transmit_value(1.555);
  32   2      transmit_value1(values[1]);
  33   2      transmit_value2(values[2]);
  34   2      transmit_value3(values[3]);
  35   2      transmit_value4(values[4]); 
  36   2      
  37   2      }
  38   1      }
  39          void ISR_Serial(void) interrupt 4
  40          {
  41   1      TI = 0;
  42   1      transmit_completed =1;
  43   1      }
  44          void Timer_Init() 
  45          {
  46   1      TMOD |= 0X20;
  47   1      TH1 = 0xCC;
  48   1      TR1 = 1;
  49   1      
  50   1      }
  51          
  52          void init_serial()
  53          {
C51 COMPILER V9.59.0.0   Q1A                                                               10/27/2018 13:23:13 PAGE 2   

  54   1      //Initialize serial communication and interrupts
  55   1      SCON |= 0XC0;
  56   1      ES = 1;
  57   1      EA = 1;
  58   1      }
  59          void sdelay(int delay)
  60          {
  61   1        char d=0;
  62   1        while(delay>0)
  63   1        {
  64   2          for(d=0;d<5;d++);
  65   2          delay--;
  66   2        }
  67   1      }
  68          void delay_ms(int delay)
  69          {
  70   1        int d=0;
  71   1        while(delay>0)
  72   1        {
  73   2          for(d=0;d<382;d++);
  74   2          delay--;
  75   2        }
  76   1      }
  77          void transmit_value(float val){
  78   1        int i = 0;
  79   1       sprintf(valstring, " %1.3f\n",val);
  80   1        for(i=0;i<7;i++){
  81   2        ACC = valstring[i];
  82   2        ACC+=0;
  83   2        tb8 = Parity;
  84   2        SBUF = ACC;
  85   2        while(!transmit_completed);
  86   2        transmit_completed = 0;
  87   2        }
  88   1      return;
  89   1      }
  90          void transmit_value1(float val){
  91   1        int i = 0;
  92   1       sprintf(valstring1, " %1.3f\n",val);
  93   1        for(i=0;i<7;i++){
  94   2        ACC = valstring1[i];
  95   2        ACC+=0;
  96   2        tb8 = Parity;
  97   2        SBUF = ACC;
  98   2        while(!transmit_completed);
  99   2        transmit_completed = 0;
 100   2        }
 101   1      return;
 102   1      }
 103          void transmit_value2(float val){
 104   1        int i = 0;
 105   1       sprintf(valstring, " %1.3f\n",val);
 106   1        for(i=0;i<7;i++){
 107   2        ACC = valstring[i];
 108   2        ACC+=0;
 109   2        tb8 = Parity;
 110   2        SBUF = ACC;
 111   2        while(!transmit_completed);
 112   2        transmit_completed = 0;
 113   2        }
 114   1      return;
 115   1      }
C51 COMPILER V9.59.0.0   Q1A                                                               10/27/2018 13:23:13 PAGE 3   

 116          void transmit_value3(float val){
 117   1        int i = 0;
 118   1       sprintf(valstring, " %1.3f\n",val);
 119   1        for(i=0;i<7;i++){
 120   2        ACC = valstring[i];
 121   2        ACC+=0;
 122   2        tb8 = Parity;
 123   2        SBUF = ACC;
 124   2        while(!transmit_completed);
 125   2        transmit_completed = 0;
 126   2        }
 127   1        return;
 128   1      
 129   1      }
 130          void transmit_value4(float val){
 131   1        int i = 0;
 132   1       sprintf(valstring, " %1.3f\n",val);
 133   1        for(i=0;i<7;i++){
 134   2        ACC = valstring[i];
 135   2        ACC+=0;
 136   2        tb8 = Parity;
 137   2        SBUF = ACC;
 138   2        while(!transmit_completed);
 139   2          
 140   2        transmit_completed = 0;
 141   2        }
 142   1        return;
 143   1      }


MODULE INFORMATION:   STATIC OVERLAYABLE
   CODE SIZE        =    506    ----
   CONSTANT SIZE    =      8    ----
   XDATA SIZE       =   ----    ----
   PDATA SIZE       =   ----    ----
   DATA SIZE        =     38      20
   IDATA SIZE       =   ----    ----
   BIT SIZE         =      1    ----
END OF MODULE INFORMATION.


C51 COMPILATION COMPLETE.  1 WARNING(S),  0 ERROR(S)
